<?xml version="1.0" encoding="UTF-8"?>
<robot generator="Robot 7.0 (Python 3.12.2 on win32)" generated="2024-05-06T08:09:59.779677" rpa="false" schemaversion="5">
<suite id="s1" name="Tests" source="C:\AcademyRobot\TestesDeApiRobotFramework\tests">
<suite id="s1-s1" name="Delete Serverest Test" source="C:\AcademyRobot\TestesDeApiRobotFramework\tests\delete_serverest_test.robot">
<test id="s1-s1-t1" name="Cenário com DELETE: Excluir usuário ja existente" line="8">
<kw name=" Criar um novo usuário" owner="serverest_testes_recursos">
<kw name="Generate Random String" owner="String">
<msg time="2024-05-06T08:10:00.096681" level="INFO">${palavra_randomica} = wiYxgvJM</msg>
<var>${palavra_randomica}</var>
<arg>length=8</arg>
<arg>chars=[LETTERS]</arg>
<doc>Generates a string with a desired ``length`` from the given ``chars``.</doc>
<status status="PASS" start="2024-05-06T08:10:00.096681" elapsed="0.000000"/>
</kw>
<kw name="Convert To Lower Case" owner="String">
<msg time="2024-05-06T08:10:00.097681" level="INFO">${palavra_randomica} = wiyxgvjm</msg>
<var>${palavra_randomica}</var>
<arg>${palavra_randomica}</arg>
<doc>Converts string to lower case.</doc>
<status status="PASS" start="2024-05-06T08:10:00.097681" elapsed="0.000000"/>
</kw>
<kw name="Set Test Variable" owner="BuiltIn">
<msg time="2024-05-06T08:10:00.099682" level="INFO">${EMAIL_TEST} = wiyxgvjm@qacoders.com.br</msg>
<arg>${EMAIL_TEST}</arg>
<arg>${palavra_randomica}@qacoders.com.br</arg>
<doc>Makes a variable available everywhere within the scope of the current test.</doc>
<status status="PASS" start="2024-05-06T08:10:00.097681" elapsed="0.002001"/>
</kw>
<kw name="Log" owner="BuiltIn">
<msg time="2024-05-06T08:10:00.099682" level="INFO">wiyxgvjm@qacoders.com.br</msg>
<arg>${EMAIL_TEST}</arg>
<doc>Logs the given message with the given level.</doc>
<status status="PASS" start="2024-05-06T08:10:00.099682" elapsed="0.000000"/>
</kw>
<status status="PASS" start="2024-05-06T08:10:00.095682" elapsed="0.004999"/>
</kw>
<kw name="Cadastrar o novo usuário criado" owner="serverest_testes_recursos">
<kw name="Create Dictionary" owner="BuiltIn">
<msg time="2024-05-06T08:10:00.102681" level="INFO">${bady} = {'nome': 'Fulano da Silva', 'email': 'wiyxgvjm@qacoders.com.br', 'password': 'teste', 'administrador': 'true'}</msg>
<var>${bady}</var>
<arg>nome=Fulano da Silva</arg>
<arg>email=${EMAIL_TEST}</arg>
<arg>password=teste</arg>
<arg>administrador=true</arg>
<doc>Creates and returns a dictionary based on the given ``items``.</doc>
<status status="PASS" start="2024-05-06T08:10:00.101681" elapsed="0.001000"/>
</kw>
<kw name="Log" owner="BuiltIn">
<msg time="2024-05-06T08:10:00.103680" level="INFO">{'nome': 'Fulano da Silva', 'email': 'wiyxgvjm@qacoders.com.br', 'password': 'teste', 'administrador': 'true'}</msg>
<arg>${bady}</arg>
<doc>Logs the given message with the given level.</doc>
<status status="PASS" start="2024-05-06T08:10:00.102681" elapsed="0.000999"/>
</kw>
<kw name="Criar sessão" owner="serverest_testes_recursos">
<kw name="Create Dictionary" owner="BuiltIn">
<msg time="2024-05-06T08:10:00.104683" level="INFO">${headers} = {'accept': 'application/json', 'Content-Type': 'application/json'}</msg>
<var>${headers}</var>
<arg>accept=application/json</arg>
<arg>Content-Type=application/json</arg>
<doc>Creates and returns a dictionary based on the given ``items``.</doc>
<status status="PASS" start="2024-05-06T08:10:00.104683" elapsed="0.000000"/>
</kw>
<kw name="Create Session" owner="RequestsLibrary">
<msg time="2024-05-06T08:10:00.105683" level="INFO">Creating Session using : alias=APIServerRest, url=https://serverest.dev, headers={'accept': 'application/json', 'Content-Type': 'application/json'},                     cookies={}, auth=None, timeout=None, proxies=None, verify=False,                     debug=0 </msg>
<arg>alias=APIServerRest</arg>
<arg>url=https://serverest.dev</arg>
<arg>headers=${headers}</arg>
<doc>Create Session: create a HTTP session to a server</doc>
<status status="PASS" start="2024-05-06T08:10:00.105683" elapsed="0.000000"/>
</kw>
<status status="PASS" start="2024-05-06T08:10:00.103680" elapsed="0.003002"/>
</kw>
<kw name="POST On Session" owner="RequestsLibrary">
<msg time="2024-05-06T08:10:00.483675" level="INFO">POST Request : url=https://serverest.dev/usuarios 
 path_url=/usuarios 
 headers={'User-Agent': 'python-requests/2.31.0', 'Accept-Encoding': 'gzip, deflate', 'accept': 'application/json', 'Connection': 'keep-alive', 'Content-Type': 'application/json', 'Content-Length': '110'} 
 body=b'{"nome": "Fulano da Silva", "email": "wiyxgvjm@qacoders.com.br", "password": "teste", "administrador": "true"}' 
 </msg>
<msg time="2024-05-06T08:10:00.483675" level="INFO">POST Response : url=https://serverest.dev/usuarios 
 status=201, reason=Created 
 headers={'access-control-allow-origin': '*', 'x-dns-prefetch-control': 'off', 'x-frame-options': 'SAMEORIGIN', 'strict-transport-security': 'max-age=15552000; includeSubDomains', 'x-download-options': 'noopen', 'x-content-type-options': 'nosniff', 'x-xss-protection': '1; mode=block', 'content-type': 'application/json; charset=utf-8', 'X-Cloud-Trace-Context': 'aaa817dced8607671e7526d9f425b12d;o=1', 'Date': 'Mon, 06 May 2024 11:10:46 GMT', 'Server': 'Google Frontend', 'Content-Length': '82'} 
 body={
    "message": "Cadastro realizado com sucesso",
    "_id": "ZXo64B3M8h6cIykC"
} 
 </msg>
<msg time="2024-05-06T08:10:00.483675" level="INFO">C:\Users\Walter\AppData\Local\Programs\Python\Python312\Lib\site-packages\urllib3\connectionpool.py:1103: InsecureRequestWarning: Unverified HTTPS request is being made to host 'serverest.dev'. Adding certificate verification is strongly advised. See: https://urllib3.readthedocs.io/en/latest/advanced-usage.html#tls-warnings
  warnings.warn(</msg>
<msg time="2024-05-06T08:10:00.512676" level="INFO">${resposta} = &lt;Response [201]&gt;</msg>
<var>${resposta}</var>
<arg>alias=APIServerRest</arg>
<arg>url=/usuarios</arg>
<arg>json=${bady}</arg>
<doc>Sends a POST request on a previously created HTTP Session.</doc>
<status status="PASS" start="2024-05-06T08:10:00.106682" elapsed="0.405994"/>
</kw>
<kw name="Log" owner="BuiltIn">
<msg time="2024-05-06T08:10:00.513677" level="INFO">{'message': 'Cadastro realizado com sucesso', '_id': 'ZXo64B3M8h6cIykC'}</msg>
<arg>${resposta.json()}</arg>
<doc>Logs the given message with the given level.</doc>
<status status="PASS" start="2024-05-06T08:10:00.512676" elapsed="0.002001"/>
</kw>
<kw name="Set Test Variable" owner="BuiltIn">
<msg time="2024-05-06T08:10:00.516677" level="INFO">${ID_USUARIO} = ZXo64B3M8h6cIykC</msg>
<arg>${ID_USUARIO}</arg>
<arg>${resposta.json()["_id"]}</arg>
<doc>Makes a variable available everywhere within the scope of the current test.</doc>
<status status="PASS" start="2024-05-06T08:10:00.514677" elapsed="0.002000"/>
</kw>
<kw name="Set Test Variable" owner="BuiltIn">
<msg time="2024-05-06T08:10:00.517678" level="INFO">${RESPOSTA} = {'message': 'Cadastro realizado com sucesso', '_id': 'ZXo64B3M8h6cIykC'}</msg>
<arg>${RESPOSTA}</arg>
<arg>${resposta.json()}</arg>
<doc>Makes a variable available everywhere within the scope of the current test.</doc>
<status status="PASS" start="2024-05-06T08:10:00.517678" elapsed="0.001000"/>
</kw>
<status status="PASS" start="2024-05-06T08:10:00.100681" elapsed="0.417997"/>
</kw>
<kw name="Excluir usuário criado" owner="serverest_testes_recursos">
<kw name="DELETE On Session" owner="RequestsLibrary">
<msg time="2024-05-06T08:10:00.684688" level="INFO">DELETE Request : url=https://serverest.dev/usuarios/ZXo64B3M8h6cIykC 
 path_url=/usuarios/ZXo64B3M8h6cIykC 
 headers={'User-Agent': 'python-requests/2.31.0', 'Accept-Encoding': 'gzip, deflate', 'accept': 'application/json', 'Connection': 'keep-alive', 'Content-Type': 'application/json', 'Content-Length': '0'} 
 body=None 
 </msg>
<msg time="2024-05-06T08:10:00.684688" level="INFO">DELETE Response : url=https://serverest.dev/usuarios/ZXo64B3M8h6cIykC 
 status=200, reason=OK 
 headers={'access-control-allow-origin': '*', 'x-dns-prefetch-control': 'off', 'x-frame-options': 'SAMEORIGIN', 'strict-transport-security': 'max-age=15552000; includeSubDomains', 'x-download-options': 'noopen', 'x-content-type-options': 'nosniff', 'x-xss-protection': '1; mode=block', 'content-type': 'application/json; charset=utf-8', 'X-Cloud-Trace-Context': '64fe290c319b08f526d189e2633c5aa6', 'Date': 'Mon, 06 May 2024 11:10:46 GMT', 'Server': 'Google Frontend', 'Content-Length': '51'} 
 body={
    "message": "Registro excluído com sucesso"
} 
 </msg>
<msg time="2024-05-06T08:10:00.685688" level="INFO">C:\Users\Walter\AppData\Local\Programs\Python\Python312\Lib\site-packages\urllib3\connectionpool.py:1103: InsecureRequestWarning: Unverified HTTPS request is being made to host 'serverest.dev'. Adding certificate verification is strongly advised. See: https://urllib3.readthedocs.io/en/latest/advanced-usage.html#tls-warnings
  warnings.warn(</msg>
<msg time="2024-05-06T08:10:00.688689" level="INFO">${excluir_usuario} = &lt;Response [200]&gt;</msg>
<var>${excluir_usuario}</var>
<arg>alias=APIServerRest</arg>
<arg>url=/usuarios/${ID_USUARIO}</arg>
<arg>expected_status=200</arg>
<doc>Sends a DELETE request on a previously created HTTP Session.</doc>
<status status="PASS" start="2024-05-06T08:10:00.519678" elapsed="0.169011"/>
</kw>
<kw name="Set Test Variable" owner="BuiltIn">
<msg time="2024-05-06T08:10:00.694674" level="INFO">${RESPOSTA_CONSULTA_APOS_EXCLUSAO} = {'message': 'Registro excluído com sucesso'}</msg>
<arg>${RESPOSTA_CONSULTA_APOS_EXCLUSAO}</arg>
<arg>${excluir_usuario.json()}</arg>
<doc>Makes a variable available everywhere within the scope of the current test.</doc>
<status status="PASS" start="2024-05-06T08:10:00.689686" elapsed="0.005995"/>
</kw>
<status status="PASS" start="2024-05-06T08:10:00.518678" elapsed="0.177003"/>
</kw>
<kw name="Conferir se o usuário foi excluido corretamente" owner="serverest_testes_recursos">
<kw name="Log" owner="BuiltIn">
<msg time="2024-05-06T08:10:00.700680" level="INFO">{'message': 'Registro excluído com sucesso'}</msg>
<arg>${RESPOSTA_CONSULTA_APOS_EXCLUSAO}</arg>
<doc>Logs the given message with the given level.</doc>
<status status="PASS" start="2024-05-06T08:10:00.699678" elapsed="0.001002"/>
</kw>
<status status="PASS" start="2024-05-06T08:10:00.697682" elapsed="0.002998"/>
</kw>
<status status="PASS" start="2024-05-06T08:10:00.093676" elapsed="0.609006"/>
</test>
<status status="PASS" start="2024-05-06T08:09:59.828674" elapsed="0.880004"/>
</suite>
<suite id="s1-s2" name="Get Serverest Test" source="C:\AcademyRobot\TestesDeApiRobotFramework\tests\get_serverest_test.robot">
<test id="s1-s2-t1" name="Cenario com GET: Consultar os dados de um novo usuário" line="7">
<kw name=" Criar um novo usuário" owner="serverest_testes_recursos">
<kw name="Generate Random String" owner="String">
<msg time="2024-05-06T08:10:00.737682" level="INFO">${palavra_randomica} = qFQpigcB</msg>
<var>${palavra_randomica}</var>
<arg>length=8</arg>
<arg>chars=[LETTERS]</arg>
<doc>Generates a string with a desired ``length`` from the given ``chars``.</doc>
<status status="PASS" start="2024-05-06T08:10:00.737682" elapsed="0.000000"/>
</kw>
<kw name="Convert To Lower Case" owner="String">
<msg time="2024-05-06T08:10:00.739682" level="INFO">${palavra_randomica} = qfqpigcb</msg>
<var>${palavra_randomica}</var>
<arg>${palavra_randomica}</arg>
<doc>Converts string to lower case.</doc>
<status status="PASS" start="2024-05-06T08:10:00.738683" elapsed="0.000999"/>
</kw>
<kw name="Set Test Variable" owner="BuiltIn">
<msg time="2024-05-06T08:10:00.741675" level="INFO">${EMAIL_TEST} = qfqpigcb@qacoders.com.br</msg>
<arg>${EMAIL_TEST}</arg>
<arg>${palavra_randomica}@qacoders.com.br</arg>
<doc>Makes a variable available everywhere within the scope of the current test.</doc>
<status status="PASS" start="2024-05-06T08:10:00.739682" elapsed="0.001993"/>
</kw>
<kw name="Log" owner="BuiltIn">
<msg time="2024-05-06T08:10:00.742683" level="INFO">qfqpigcb@qacoders.com.br</msg>
<arg>${EMAIL_TEST}</arg>
<doc>Logs the given message with the given level.</doc>
<status status="PASS" start="2024-05-06T08:10:00.741675" elapsed="0.001008"/>
</kw>
<status status="PASS" start="2024-05-06T08:10:00.736684" elapsed="0.005999"/>
</kw>
<kw name="Cadastrar o novo usuário criado" owner="serverest_testes_recursos">
<kw name="Create Dictionary" owner="BuiltIn">
<msg time="2024-05-06T08:10:00.744683" level="INFO">${bady} = {'nome': 'Fulano da Silva', 'email': 'qfqpigcb@qacoders.com.br', 'password': 'teste', 'administrador': 'true'}</msg>
<var>${bady}</var>
<arg>nome=Fulano da Silva</arg>
<arg>email=${EMAIL_TEST}</arg>
<arg>password=teste</arg>
<arg>administrador=true</arg>
<doc>Creates and returns a dictionary based on the given ``items``.</doc>
<status status="PASS" start="2024-05-06T08:10:00.744683" elapsed="0.000000"/>
</kw>
<kw name="Log" owner="BuiltIn">
<msg time="2024-05-06T08:10:00.745683" level="INFO">{'nome': 'Fulano da Silva', 'email': 'qfqpigcb@qacoders.com.br', 'password': 'teste', 'administrador': 'true'}</msg>
<arg>${bady}</arg>
<doc>Logs the given message with the given level.</doc>
<status status="PASS" start="2024-05-06T08:10:00.745683" elapsed="0.000000"/>
</kw>
<kw name="Criar sessão" owner="serverest_testes_recursos">
<kw name="Create Dictionary" owner="BuiltIn">
<msg time="2024-05-06T08:10:00.746682" level="INFO">${headers} = {'accept': 'application/json', 'Content-Type': 'application/json'}</msg>
<var>${headers}</var>
<arg>accept=application/json</arg>
<arg>Content-Type=application/json</arg>
<doc>Creates and returns a dictionary based on the given ``items``.</doc>
<status status="PASS" start="2024-05-06T08:10:00.746682" elapsed="0.000999"/>
</kw>
<kw name="Create Session" owner="RequestsLibrary">
<msg time="2024-05-06T08:10:00.747681" level="INFO">Creating Session using : alias=APIServerRest, url=https://serverest.dev, headers={'accept': 'application/json', 'Content-Type': 'application/json'},                     cookies={}, auth=None, timeout=None, proxies=None, verify=False,                     debug=0 </msg>
<arg>alias=APIServerRest</arg>
<arg>url=https://serverest.dev</arg>
<arg>headers=${headers}</arg>
<doc>Create Session: create a HTTP session to a server</doc>
<status status="PASS" start="2024-05-06T08:10:00.747681" elapsed="0.000996"/>
</kw>
<status status="PASS" start="2024-05-06T08:10:00.746682" elapsed="0.003995"/>
</kw>
<kw name="POST On Session" owner="RequestsLibrary">
<msg time="2024-05-06T08:10:01.109688" level="INFO">POST Request : url=https://serverest.dev/usuarios 
 path_url=/usuarios 
 headers={'User-Agent': 'python-requests/2.31.0', 'Accept-Encoding': 'gzip, deflate', 'accept': 'application/json', 'Connection': 'keep-alive', 'Content-Type': 'application/json', 'Content-Length': '110'} 
 body=b'{"nome": "Fulano da Silva", "email": "qfqpigcb@qacoders.com.br", "password": "teste", "administrador": "true"}' 
 </msg>
<msg time="2024-05-06T08:10:01.110687" level="INFO">POST Response : url=https://serverest.dev/usuarios 
 status=201, reason=Created 
 headers={'access-control-allow-origin': '*', 'x-dns-prefetch-control': 'off', 'x-frame-options': 'SAMEORIGIN', 'strict-transport-security': 'max-age=15552000; includeSubDomains', 'x-download-options': 'noopen', 'x-content-type-options': 'nosniff', 'x-xss-protection': '1; mode=block', 'content-type': 'application/json; charset=utf-8', 'X-Cloud-Trace-Context': 'a72a1774169372d14201d9d93bf4ee86', 'Date': 'Mon, 06 May 2024 11:10:47 GMT', 'Server': 'Google Frontend', 'Content-Length': '82'} 
 body={
    "message": "Cadastro realizado com sucesso",
    "_id": "VS7vkbJ4P3NI9LO4"
} 
 </msg>
<msg time="2024-05-06T08:10:01.110687" level="INFO">C:\Users\Walter\AppData\Local\Programs\Python\Python312\Lib\site-packages\urllib3\connectionpool.py:1103: InsecureRequestWarning: Unverified HTTPS request is being made to host 'serverest.dev'. Adding certificate verification is strongly advised. See: https://urllib3.readthedocs.io/en/latest/advanced-usage.html#tls-warnings
  warnings.warn(</msg>
<msg time="2024-05-06T08:10:01.114676" level="INFO">${resposta} = &lt;Response [201]&gt;</msg>
<var>${resposta}</var>
<arg>alias=APIServerRest</arg>
<arg>url=/usuarios</arg>
<arg>json=${bady}</arg>
<doc>Sends a POST request on a previously created HTTP Session.</doc>
<status status="PASS" start="2024-05-06T08:10:00.751675" elapsed="0.363001"/>
</kw>
<kw name="Log" owner="BuiltIn">
<msg time="2024-05-06T08:10:01.118681" level="INFO">{'message': 'Cadastro realizado com sucesso', '_id': 'VS7vkbJ4P3NI9LO4'}</msg>
<arg>${resposta.json()}</arg>
<doc>Logs the given message with the given level.</doc>
<status status="PASS" start="2024-05-06T08:10:01.115683" elapsed="0.002998"/>
</kw>
<kw name="Set Test Variable" owner="BuiltIn">
<msg time="2024-05-06T08:10:01.124675" level="INFO">${ID_USUARIO} = VS7vkbJ4P3NI9LO4</msg>
<arg>${ID_USUARIO}</arg>
<arg>${resposta.json()["_id"]}</arg>
<doc>Makes a variable available everywhere within the scope of the current test.</doc>
<status status="PASS" start="2024-05-06T08:10:01.119681" elapsed="0.006001"/>
</kw>
<kw name="Set Test Variable" owner="BuiltIn">
<msg time="2024-05-06T08:10:01.128675" level="INFO">${RESPOSTA} = {'message': 'Cadastro realizado com sucesso', '_id': 'VS7vkbJ4P3NI9LO4'}</msg>
<arg>${RESPOSTA}</arg>
<arg>${resposta.json()}</arg>
<doc>Makes a variable available everywhere within the scope of the current test.</doc>
<status status="PASS" start="2024-05-06T08:10:01.125682" elapsed="0.002993"/>
</kw>
<status status="PASS" start="2024-05-06T08:10:00.743676" elapsed="0.386005"/>
</kw>
<kw name="Consultar os dados do usuário" owner="serverest_testes_recursos">
<kw name="GET On Session" owner="RequestsLibrary">
<msg time="2024-05-06T08:10:01.293687" level="INFO">GET Request : url=https://serverest.dev/usuarios/VS7vkbJ4P3NI9LO4 
 path_url=/usuarios/VS7vkbJ4P3NI9LO4 
 headers={'User-Agent': 'python-requests/2.31.0', 'Accept-Encoding': 'gzip, deflate', 'accept': 'application/json', 'Connection': 'keep-alive', 'Content-Type': 'application/json'} 
 body=None 
 </msg>
<msg time="2024-05-06T08:10:01.293687" level="INFO">GET Response : url=https://serverest.dev/usuarios/VS7vkbJ4P3NI9LO4 
 status=200, reason=OK 
 headers={'access-control-allow-origin': '*', 'x-dns-prefetch-control': 'off', 'x-frame-options': 'SAMEORIGIN', 'strict-transport-security': 'max-age=15552000; includeSubDomains', 'x-download-options': 'noopen', 'x-content-type-options': 'nosniff', 'x-xss-protection': '1; mode=block', 'content-type': 'application/json; charset=utf-8', 'X-Cloud-Trace-Context': '63be8f149ad2a8c7b86907b691cf3910', 'Date': 'Mon, 06 May 2024 11:10:47 GMT', 'Server': 'Google Frontend', 'Content-Length': '159'} 
 body={
    "nome": "Fulano da Silva",
    "email": "qfqpigcb@qacoders.com.br",
    "password": "teste",
    "administrador": "true",
    "_id": "VS7vkbJ4P3NI9LO4"
} 
 </msg>
<msg time="2024-05-06T08:10:01.294687" level="INFO">C:\Users\Walter\AppData\Local\Programs\Python\Python312\Lib\site-packages\urllib3\connectionpool.py:1103: InsecureRequestWarning: Unverified HTTPS request is being made to host 'serverest.dev'. Adding certificate verification is strongly advised. See: https://urllib3.readthedocs.io/en/latest/advanced-usage.html#tls-warnings
  warnings.warn(</msg>
<msg time="2024-05-06T08:10:01.297679" level="INFO">${resposta_consulta} = &lt;Response [200]&gt;</msg>
<var>${resposta_consulta}</var>
<arg>alias=APIServerRest</arg>
<arg>url=/usuarios/${ID_USUARIO}</arg>
<arg>expected_status=200</arg>
<doc>Sends a GET request on a previously created HTTP Session.</doc>
<status status="PASS" start="2024-05-06T08:10:01.133680" elapsed="0.163999"/>
</kw>
<kw name="Set Test Variable" owner="BuiltIn">
<msg time="2024-05-06T08:10:01.301687" level="INFO">${RESPOSTA_CONSULTA} = {'nome': 'Fulano da Silva', 'email': 'qfqpigcb@qacoders.com.br', 'password': 'teste', 'administrador': 'true', '_id': 'VS7vkbJ4P3NI9LO4'}</msg>
<arg>${RESPOSTA_CONSULTA}</arg>
<arg>${resposta_consulta.json()}</arg>
<doc>Makes a variable available everywhere within the scope of the current test.</doc>
<status status="PASS" start="2024-05-06T08:10:01.298681" elapsed="0.003006"/>
</kw>
<status status="PASS" start="2024-05-06T08:10:01.131678" elapsed="0.170009"/>
</kw>
<kw name="Conferir os dados retornados do novo usuário" owner="serverest_testes_recursos">
<kw name="Log" owner="BuiltIn">
<msg time="2024-05-06T08:10:01.305688" level="INFO">{'nome': 'Fulano da Silva', 'email': 'qfqpigcb@qacoders.com.br', 'password': 'teste', 'administrador': 'true', '_id': 'VS7vkbJ4P3NI9LO4'}</msg>
<arg>${RESPOSTA_CONSULTA}</arg>
<doc>Logs the given message with the given level.</doc>
<status status="PASS" start="2024-05-06T08:10:01.305688" elapsed="0.000993"/>
</kw>
<kw name="Dictionary Should Contain Item" owner="Collections">
<msg time="2024-05-06T08:10:01.307682" level="INFO">False
False</msg>
<arg>${RESPOSTA_CONSULTA}</arg>
<arg>nome</arg>
<arg>Fulano da Silva</arg>
<doc>An item of ``key`` / ``value`` must be found in a ``dictionary``.</doc>
<status status="PASS" start="2024-05-06T08:10:01.306681" elapsed="0.002002"/>
</kw>
<kw name="Dictionary Should Contain Item" owner="Collections">
<msg time="2024-05-06T08:10:01.310685" level="INFO">False
False</msg>
<arg>${RESPOSTA_CONSULTA}</arg>
<arg>email</arg>
<arg>${EMAIL_TEST}</arg>
<doc>An item of ``key`` / ``value`` must be found in a ``dictionary``.</doc>
<status status="PASS" start="2024-05-06T08:10:01.309681" elapsed="0.001004"/>
</kw>
<kw name="Dictionary Should Contain Item" owner="Collections">
<msg time="2024-05-06T08:10:01.311684" level="INFO">False
False</msg>
<arg>${RESPOSTA_CONSULTA}</arg>
<arg>password</arg>
<arg>teste</arg>
<doc>An item of ``key`` / ``value`` must be found in a ``dictionary``.</doc>
<status status="PASS" start="2024-05-06T08:10:01.311684" elapsed="0.000994"/>
</kw>
<kw name="Dictionary Should Contain Item" owner="Collections">
<msg time="2024-05-06T08:10:01.314676" level="INFO">False
False</msg>
<arg>${RESPOSTA_CONSULTA}</arg>
<arg>administrador</arg>
<arg>true</arg>
<doc>An item of ``key`` / ``value`` must be found in a ``dictionary``.</doc>
<status status="PASS" start="2024-05-06T08:10:01.312678" elapsed="0.003003"/>
</kw>
<kw name="Dictionary Should Contain Item" owner="Collections">
<msg time="2024-05-06T08:10:01.316681" level="INFO">False
False</msg>
<arg>${RESPOSTA_CONSULTA}</arg>
<arg>_id</arg>
<arg>${ID_USUARIO}</arg>
<doc>An item of ``key`` / ``value`` must be found in a ``dictionary``.</doc>
<status status="PASS" start="2024-05-06T08:10:01.315681" elapsed="0.001000"/>
</kw>
<status status="PASS" start="2024-05-06T08:10:01.303688" elapsed="0.013990"/>
</kw>
<status status="PASS" start="2024-05-06T08:10:00.734678" elapsed="0.583000"/>
</test>
<status status="PASS" start="2024-05-06T08:10:00.714680" elapsed="0.605998"/>
</suite>
<suite id="s1-s3" name="Post Serverest Test" source="C:\AcademyRobot\TestesDeApiRobotFramework\tests\post_serverest_test.robot">
<test id="s1-s3-t1" name="Cenario com POST: Cadastrar um novo usuário com sucesso" line="7">
<kw name=" Criar um novo usuário" owner="serverest_testes_recursos">
<kw name="Generate Random String" owner="String">
<msg time="2024-05-06T08:10:01.352681" level="INFO">${palavra_randomica} = zgKVLUle</msg>
<var>${palavra_randomica}</var>
<arg>length=8</arg>
<arg>chars=[LETTERS]</arg>
<doc>Generates a string with a desired ``length`` from the given ``chars``.</doc>
<status status="PASS" start="2024-05-06T08:10:01.352681" elapsed="0.001001"/>
</kw>
<kw name="Convert To Lower Case" owner="String">
<msg time="2024-05-06T08:10:01.353682" level="INFO">${palavra_randomica} = zgkvlule</msg>
<var>${palavra_randomica}</var>
<arg>${palavra_randomica}</arg>
<doc>Converts string to lower case.</doc>
<status status="PASS" start="2024-05-06T08:10:01.353682" elapsed="0.000000"/>
</kw>
<kw name="Set Test Variable" owner="BuiltIn">
<msg time="2024-05-06T08:10:01.355682" level="INFO">${EMAIL_TEST} = zgkvlule@qacoders.com.br</msg>
<arg>${EMAIL_TEST}</arg>
<arg>${palavra_randomica}@qacoders.com.br</arg>
<doc>Makes a variable available everywhere within the scope of the current test.</doc>
<status status="PASS" start="2024-05-06T08:10:01.354677" elapsed="0.001005"/>
</kw>
<kw name="Log" owner="BuiltIn">
<msg time="2024-05-06T08:10:01.356677" level="INFO">zgkvlule@qacoders.com.br</msg>
<arg>${EMAIL_TEST}</arg>
<doc>Logs the given message with the given level.</doc>
<status status="PASS" start="2024-05-06T08:10:01.356677" elapsed="0.000000"/>
</kw>
<status status="PASS" start="2024-05-06T08:10:01.351679" elapsed="0.004998"/>
</kw>
<kw name="Cadastrar o novo usuário criado" owner="serverest_testes_recursos">
<kw name="Create Dictionary" owner="BuiltIn">
<msg time="2024-05-06T08:10:01.359677" level="INFO">${bady} = {'nome': 'Fulano da Silva', 'email': 'zgkvlule@qacoders.com.br', 'password': 'teste', 'administrador': 'true'}</msg>
<var>${bady}</var>
<arg>nome=Fulano da Silva</arg>
<arg>email=${EMAIL_TEST}</arg>
<arg>password=teste</arg>
<arg>administrador=true</arg>
<doc>Creates and returns a dictionary based on the given ``items``.</doc>
<status status="PASS" start="2024-05-06T08:10:01.359677" elapsed="0.000000"/>
</kw>
<kw name="Log" owner="BuiltIn">
<msg time="2024-05-06T08:10:01.360674" level="INFO">{'nome': 'Fulano da Silva', 'email': 'zgkvlule@qacoders.com.br', 'password': 'teste', 'administrador': 'true'}</msg>
<arg>${bady}</arg>
<doc>Logs the given message with the given level.</doc>
<status status="PASS" start="2024-05-06T08:10:01.360674" elapsed="0.000000"/>
</kw>
<kw name="Criar sessão" owner="serverest_testes_recursos">
<kw name="Create Dictionary" owner="BuiltIn">
<msg time="2024-05-06T08:10:01.361678" level="INFO">${headers} = {'accept': 'application/json', 'Content-Type': 'application/json'}</msg>
<var>${headers}</var>
<arg>accept=application/json</arg>
<arg>Content-Type=application/json</arg>
<doc>Creates and returns a dictionary based on the given ``items``.</doc>
<status status="PASS" start="2024-05-06T08:10:01.361678" elapsed="0.000000"/>
</kw>
<kw name="Create Session" owner="RequestsLibrary">
<msg time="2024-05-06T08:10:01.362677" level="INFO">Creating Session using : alias=APIServerRest, url=https://serverest.dev, headers={'accept': 'application/json', 'Content-Type': 'application/json'},                     cookies={}, auth=None, timeout=None, proxies=None, verify=False,                     debug=0 </msg>
<arg>alias=APIServerRest</arg>
<arg>url=https://serverest.dev</arg>
<arg>headers=${headers}</arg>
<doc>Create Session: create a HTTP session to a server</doc>
<status status="PASS" start="2024-05-06T08:10:01.361678" elapsed="0.000999"/>
</kw>
<status status="PASS" start="2024-05-06T08:10:01.360674" elapsed="0.002003"/>
</kw>
<kw name="POST On Session" owner="RequestsLibrary">
<msg time="2024-05-06T08:10:01.715687" level="INFO">POST Request : url=https://serverest.dev/usuarios 
 path_url=/usuarios 
 headers={'User-Agent': 'python-requests/2.31.0', 'Accept-Encoding': 'gzip, deflate', 'accept': 'application/json', 'Connection': 'keep-alive', 'Content-Type': 'application/json', 'Content-Length': '110'} 
 body=b'{"nome": "Fulano da Silva", "email": "zgkvlule@qacoders.com.br", "password": "teste", "administrador": "true"}' 
 </msg>
<msg time="2024-05-06T08:10:01.715687" level="INFO">POST Response : url=https://serverest.dev/usuarios 
 status=201, reason=Created 
 headers={'access-control-allow-origin': '*', 'x-dns-prefetch-control': 'off', 'x-frame-options': 'SAMEORIGIN', 'strict-transport-security': 'max-age=15552000; includeSubDomains', 'x-download-options': 'noopen', 'x-content-type-options': 'nosniff', 'x-xss-protection': '1; mode=block', 'content-type': 'application/json; charset=utf-8', 'X-Cloud-Trace-Context': '528f0791610293c441fa8b305a7d90b0', 'Date': 'Mon, 06 May 2024 11:10:47 GMT', 'Server': 'Google Frontend', 'Content-Length': '82'} 
 body={
    "message": "Cadastro realizado com sucesso",
    "_id": "TThzWDXhEqkDnJrd"
} 
 </msg>
<msg time="2024-05-06T08:10:01.716687" level="INFO">C:\Users\Walter\AppData\Local\Programs\Python\Python312\Lib\site-packages\urllib3\connectionpool.py:1103: InsecureRequestWarning: Unverified HTTPS request is being made to host 'serverest.dev'. Adding certificate verification is strongly advised. See: https://urllib3.readthedocs.io/en/latest/advanced-usage.html#tls-warnings
  warnings.warn(</msg>
<msg time="2024-05-06T08:10:01.719677" level="INFO">${resposta} = &lt;Response [201]&gt;</msg>
<var>${resposta}</var>
<arg>alias=APIServerRest</arg>
<arg>url=/usuarios</arg>
<arg>json=${bady}</arg>
<doc>Sends a POST request on a previously created HTTP Session.</doc>
<status status="PASS" start="2024-05-06T08:10:01.362677" elapsed="0.357000"/>
</kw>
<kw name="Log" owner="BuiltIn">
<msg time="2024-05-06T08:10:01.722675" level="INFO">{'message': 'Cadastro realizado com sucesso', '_id': 'TThzWDXhEqkDnJrd'}</msg>
<arg>${resposta.json()}</arg>
<doc>Logs the given message with the given level.</doc>
<status status="PASS" start="2024-05-06T08:10:01.720681" elapsed="0.003000"/>
</kw>
<kw name="Set Test Variable" owner="BuiltIn">
<msg time="2024-05-06T08:10:01.729677" level="INFO">${ID_USUARIO} = TThzWDXhEqkDnJrd</msg>
<arg>${ID_USUARIO}</arg>
<arg>${resposta.json()["_id"]}</arg>
<doc>Makes a variable available everywhere within the scope of the current test.</doc>
<status status="PASS" start="2024-05-06T08:10:01.723681" elapsed="0.005996"/>
</kw>
<kw name="Set Test Variable" owner="BuiltIn">
<msg time="2024-05-06T08:10:01.734680" level="INFO">${RESPOSTA} = {'message': 'Cadastro realizado com sucesso', '_id': 'TThzWDXhEqkDnJrd'}</msg>
<arg>${RESPOSTA}</arg>
<arg>${resposta.json()}</arg>
<doc>Makes a variable available everywhere within the scope of the current test.</doc>
<status status="PASS" start="2024-05-06T08:10:01.730682" elapsed="0.003998"/>
</kw>
<status status="PASS" start="2024-05-06T08:10:01.358679" elapsed="0.376001"/>
</kw>
<kw name="Conferir se este novo usuário foi cadastrado corretamente" owner="serverest_testes_recursos">
<kw name="Log" owner="BuiltIn">
<msg time="2024-05-06T08:10:01.738679" level="INFO">{'message': 'Cadastro realizado com sucesso', '_id': 'TThzWDXhEqkDnJrd'}</msg>
<arg>${RESPOSTA}</arg>
<doc>Logs the given message with the given level.</doc>
<status status="PASS" start="2024-05-06T08:10:01.737676" elapsed="0.001003"/>
</kw>
<kw name="Dictionary Should Contain Item" owner="Collections">
<msg time="2024-05-06T08:10:01.738679" level="INFO">False
False</msg>
<arg>${RESPOSTA}</arg>
<arg>message</arg>
<arg>Cadastro realizado com sucesso</arg>
<doc>An item of ``key`` / ``value`` must be found in a ``dictionary``.</doc>
<status status="PASS" start="2024-05-06T08:10:01.738679" elapsed="0.001000"/>
</kw>
<kw name="Dictionary Should Contain Key" owner="Collections">
<msg time="2024-05-06T08:10:01.740679" level="INFO">False</msg>
<arg>${RESPOSTA}</arg>
<arg>_id</arg>
<doc>Fails if ``key`` is not found from ``dictionary``.</doc>
<status status="PASS" start="2024-05-06T08:10:01.739679" elapsed="0.001000"/>
</kw>
<status status="PASS" start="2024-05-06T08:10:01.736681" elapsed="0.003998"/>
</kw>
<status status="PASS" start="2024-05-06T08:10:01.346677" elapsed="0.395003"/>
</test>
<status status="PASS" start="2024-05-06T08:10:01.324678" elapsed="0.419000"/>
</suite>
<suite id="s1-s4" name="Put Serverest Test" source="C:\AcademyRobot\TestesDeApiRobotFramework\tests\put_serverest_test.robot">
<test id="s1-s4-t1" name="Cenário com PUT: Atualizar os dados de um usuário" line="8">
<kw name=" Criar um novo usuário" owner="serverest_testes_recursos">
<kw name="Generate Random String" owner="String">
<msg time="2024-05-06T08:10:01.773678" level="INFO">${palavra_randomica} = zOpITNjY</msg>
<var>${palavra_randomica}</var>
<arg>length=8</arg>
<arg>chars=[LETTERS]</arg>
<doc>Generates a string with a desired ``length`` from the given ``chars``.</doc>
<status status="PASS" start="2024-05-06T08:10:01.771677" elapsed="0.002001"/>
</kw>
<kw name="Convert To Lower Case" owner="String">
<msg time="2024-05-06T08:10:01.774683" level="INFO">${palavra_randomica} = zopitnjy</msg>
<var>${palavra_randomica}</var>
<arg>${palavra_randomica}</arg>
<doc>Converts string to lower case.</doc>
<status status="PASS" start="2024-05-06T08:10:01.773678" elapsed="0.001005"/>
</kw>
<kw name="Set Test Variable" owner="BuiltIn">
<msg time="2024-05-06T08:10:01.775681" level="INFO">${EMAIL_TEST} = zopitnjy@qacoders.com.br</msg>
<arg>${EMAIL_TEST}</arg>
<arg>${palavra_randomica}@qacoders.com.br</arg>
<doc>Makes a variable available everywhere within the scope of the current test.</doc>
<status status="PASS" start="2024-05-06T08:10:01.774683" elapsed="0.000998"/>
</kw>
<kw name="Log" owner="BuiltIn">
<msg time="2024-05-06T08:10:01.776682" level="INFO">zopitnjy@qacoders.com.br</msg>
<arg>${EMAIL_TEST}</arg>
<doc>Logs the given message with the given level.</doc>
<status status="PASS" start="2024-05-06T08:10:01.775681" elapsed="0.001001"/>
</kw>
<status status="PASS" start="2024-05-06T08:10:01.770676" elapsed="0.006006"/>
</kw>
<kw name="Cadastrar o novo usuário criado" owner="serverest_testes_recursos">
<kw name="Create Dictionary" owner="BuiltIn">
<msg time="2024-05-06T08:10:01.778681" level="INFO">${bady} = {'nome': 'Fulano da Silva', 'email': 'zopitnjy@qacoders.com.br', 'password': 'teste', 'administrador': 'true'}</msg>
<var>${bady}</var>
<arg>nome=Fulano da Silva</arg>
<arg>email=${EMAIL_TEST}</arg>
<arg>password=teste</arg>
<arg>administrador=true</arg>
<doc>Creates and returns a dictionary based on the given ``items``.</doc>
<status status="PASS" start="2024-05-06T08:10:01.777680" elapsed="0.001001"/>
</kw>
<kw name="Log" owner="BuiltIn">
<msg time="2024-05-06T08:10:01.778681" level="INFO">{'nome': 'Fulano da Silva', 'email': 'zopitnjy@qacoders.com.br', 'password': 'teste', 'administrador': 'true'}</msg>
<arg>${bady}</arg>
<doc>Logs the given message with the given level.</doc>
<status status="PASS" start="2024-05-06T08:10:01.778681" elapsed="0.000000"/>
</kw>
<kw name="Criar sessão" owner="serverest_testes_recursos">
<kw name="Create Dictionary" owner="BuiltIn">
<msg time="2024-05-06T08:10:01.785678" level="INFO">${headers} = {'accept': 'application/json', 'Content-Type': 'application/json'}</msg>
<var>${headers}</var>
<arg>accept=application/json</arg>
<arg>Content-Type=application/json</arg>
<doc>Creates and returns a dictionary based on the given ``items``.</doc>
<status status="PASS" start="2024-05-06T08:10:01.784677" elapsed="0.001001"/>
</kw>
<kw name="Create Session" owner="RequestsLibrary">
<msg time="2024-05-06T08:10:01.786675" level="INFO">Creating Session using : alias=APIServerRest, url=https://serverest.dev, headers={'accept': 'application/json', 'Content-Type': 'application/json'},                     cookies={}, auth=None, timeout=None, proxies=None, verify=False,                     debug=0 </msg>
<arg>alias=APIServerRest</arg>
<arg>url=https://serverest.dev</arg>
<arg>headers=${headers}</arg>
<doc>Create Session: create a HTTP session to a server</doc>
<status status="PASS" start="2024-05-06T08:10:01.786675" elapsed="0.000000"/>
</kw>
<status status="PASS" start="2024-05-06T08:10:01.779681" elapsed="0.007997"/>
</kw>
<kw name="POST On Session" owner="RequestsLibrary">
<msg time="2024-05-06T08:10:02.146687" level="INFO">POST Request : url=https://serverest.dev/usuarios 
 path_url=/usuarios 
 headers={'User-Agent': 'python-requests/2.31.0', 'Accept-Encoding': 'gzip, deflate', 'accept': 'application/json', 'Connection': 'keep-alive', 'Content-Type': 'application/json', 'Content-Length': '110'} 
 body=b'{"nome": "Fulano da Silva", "email": "zopitnjy@qacoders.com.br", "password": "teste", "administrador": "true"}' 
 </msg>
<msg time="2024-05-06T08:10:02.146687" level="INFO">POST Response : url=https://serverest.dev/usuarios 
 status=201, reason=Created 
 headers={'access-control-allow-origin': '*', 'x-dns-prefetch-control': 'off', 'x-frame-options': 'SAMEORIGIN', 'strict-transport-security': 'max-age=15552000; includeSubDomains', 'x-download-options': 'noopen', 'x-content-type-options': 'nosniff', 'x-xss-protection': '1; mode=block', 'content-type': 'application/json; charset=utf-8', 'X-Cloud-Trace-Context': 'f1a4703004c1651b3faf7f4f11d5e0f0', 'Date': 'Mon, 06 May 2024 11:10:48 GMT', 'Server': 'Google Frontend', 'Content-Length': '82'} 
 body={
    "message": "Cadastro realizado com sucesso",
    "_id": "xn36qrfd5B3CAGQW"
} 
 </msg>
<msg time="2024-05-06T08:10:02.146687" level="INFO">C:\Users\Walter\AppData\Local\Programs\Python\Python312\Lib\site-packages\urllib3\connectionpool.py:1103: InsecureRequestWarning: Unverified HTTPS request is being made to host 'serverest.dev'. Adding certificate verification is strongly advised. See: https://urllib3.readthedocs.io/en/latest/advanced-usage.html#tls-warnings
  warnings.warn(</msg>
<msg time="2024-05-06T08:10:02.150681" level="INFO">${resposta} = &lt;Response [201]&gt;</msg>
<var>${resposta}</var>
<arg>alias=APIServerRest</arg>
<arg>url=/usuarios</arg>
<arg>json=${bady}</arg>
<doc>Sends a POST request on a previously created HTTP Session.</doc>
<status status="PASS" start="2024-05-06T08:10:01.787678" elapsed="0.364002"/>
</kw>
<kw name="Log" owner="BuiltIn">
<msg time="2024-05-06T08:10:02.154677" level="INFO">{'message': 'Cadastro realizado com sucesso', '_id': 'xn36qrfd5B3CAGQW'}</msg>
<arg>${resposta.json()}</arg>
<doc>Logs the given message with the given level.</doc>
<status status="PASS" start="2024-05-06T08:10:02.151680" elapsed="0.002997"/>
</kw>
<kw name="Set Test Variable" owner="BuiltIn">
<msg time="2024-05-06T08:10:02.161679" level="INFO">${ID_USUARIO} = xn36qrfd5B3CAGQW</msg>
<arg>${ID_USUARIO}</arg>
<arg>${resposta.json()["_id"]}</arg>
<doc>Makes a variable available everywhere within the scope of the current test.</doc>
<status status="PASS" start="2024-05-06T08:10:02.155682" elapsed="0.005997"/>
</kw>
<kw name="Set Test Variable" owner="BuiltIn">
<msg time="2024-05-06T08:10:02.165681" level="INFO">${RESPOSTA} = {'message': 'Cadastro realizado com sucesso', '_id': 'xn36qrfd5B3CAGQW'}</msg>
<arg>${RESPOSTA}</arg>
<arg>${resposta.json()}</arg>
<doc>Makes a variable available everywhere within the scope of the current test.</doc>
<status status="PASS" start="2024-05-06T08:10:02.162680" elapsed="0.003001"/>
</kw>
<status status="PASS" start="2024-05-06T08:10:01.776682" elapsed="0.389999"/>
</kw>
<kw name="Consultar os dados do usuário" owner="serverest_testes_recursos">
<kw name="GET On Session" owner="RequestsLibrary">
<msg time="2024-05-06T08:10:02.333686" level="INFO">GET Request : url=https://serverest.dev/usuarios/xn36qrfd5B3CAGQW 
 path_url=/usuarios/xn36qrfd5B3CAGQW 
 headers={'User-Agent': 'python-requests/2.31.0', 'Accept-Encoding': 'gzip, deflate', 'accept': 'application/json', 'Connection': 'keep-alive', 'Content-Type': 'application/json'} 
 body=None 
 </msg>
<msg time="2024-05-06T08:10:02.333686" level="INFO">GET Response : url=https://serverest.dev/usuarios/xn36qrfd5B3CAGQW 
 status=200, reason=OK 
 headers={'access-control-allow-origin': '*', 'x-dns-prefetch-control': 'off', 'x-frame-options': 'SAMEORIGIN', 'strict-transport-security': 'max-age=15552000; includeSubDomains', 'x-download-options': 'noopen', 'x-content-type-options': 'nosniff', 'x-xss-protection': '1; mode=block', 'content-type': 'application/json; charset=utf-8', 'X-Cloud-Trace-Context': '5a92aea9ea9704590edc8b5b608dcda2', 'Date': 'Mon, 06 May 2024 11:10:48 GMT', 'Server': 'Google Frontend', 'Content-Length': '159'} 
 body={
    "nome": "Fulano da Silva",
    "email": "zopitnjy@qacoders.com.br",
    "password": "teste",
    "administrador": "true",
    "_id": "xn36qrfd5B3CAGQW"
} 
 </msg>
<msg time="2024-05-06T08:10:02.333686" level="INFO">C:\Users\Walter\AppData\Local\Programs\Python\Python312\Lib\site-packages\urllib3\connectionpool.py:1103: InsecureRequestWarning: Unverified HTTPS request is being made to host 'serverest.dev'. Adding certificate verification is strongly advised. See: https://urllib3.readthedocs.io/en/latest/advanced-usage.html#tls-warnings
  warnings.warn(</msg>
<msg time="2024-05-06T08:10:02.337678" level="INFO">${resposta_consulta} = &lt;Response [200]&gt;</msg>
<var>${resposta_consulta}</var>
<arg>alias=APIServerRest</arg>
<arg>url=/usuarios/${ID_USUARIO}</arg>
<arg>expected_status=200</arg>
<doc>Sends a GET request on a previously created HTTP Session.</doc>
<status status="PASS" start="2024-05-06T08:10:02.169677" elapsed="0.168001"/>
</kw>
<kw name="Set Test Variable" owner="BuiltIn">
<msg time="2024-05-06T08:10:02.341687" level="INFO">${RESPOSTA_CONSULTA} = {'nome': 'Fulano da Silva', 'email': 'zopitnjy@qacoders.com.br', 'password': 'teste', 'administrador': 'true', '_id': 'xn36qrfd5B3CAGQW'}</msg>
<arg>${RESPOSTA_CONSULTA}</arg>
<arg>${resposta_consulta.json()}</arg>
<doc>Makes a variable available everywhere within the scope of the current test.</doc>
<status status="PASS" start="2024-05-06T08:10:02.338678" elapsed="0.003009"/>
</kw>
<status status="PASS" start="2024-05-06T08:10:02.167679" elapsed="0.175008"/>
</kw>
<kw name="Alterar perfil de acesso administrador de true para false" owner="serverest_testes_recursos">
<kw name="PUT On Session" owner="RequestsLibrary">
<msg time="2024-05-06T08:10:02.513674" level="INFO">PUT Request : url=https://serverest.dev/usuarios/xn36qrfd5B3CAGQW 
 path_url=/usuarios/xn36qrfd5B3CAGQW 
 headers={'User-Agent': 'python-requests/2.31.0', 'Accept-Encoding': 'gzip, deflate', 'accept': 'application/json', 'Connection': 'keep-alive', 'Content-Type': 'application/json', 'Content-Length': '107'} 
 body={"nome":"Fulano da Silva", "email":"zopitnjy@qacoders.com.br", "password":"teste", "administrador":"false"} 
 </msg>
<msg time="2024-05-06T08:10:02.513674" level="INFO">PUT Response : url=https://serverest.dev/usuarios/xn36qrfd5B3CAGQW 
 status=200, reason=OK 
 headers={'access-control-allow-origin': '*', 'x-dns-prefetch-control': 'off', 'x-frame-options': 'SAMEORIGIN', 'strict-transport-security': 'max-age=15552000; includeSubDomains', 'x-download-options': 'noopen', 'x-content-type-options': 'nosniff', 'x-xss-protection': '1; mode=block', 'content-type': 'application/json; charset=utf-8', 'X-Cloud-Trace-Context': '12bdb5f2e5b1f349abeb81b1fd275ba7', 'Date': 'Mon, 06 May 2024 11:10:48 GMT', 'Server': 'Google Frontend', 'Content-Length': '50'} 
 body={
    "message": "Registro alterado com sucesso"
} 
 </msg>
<msg time="2024-05-06T08:10:02.514673" level="INFO">C:\Users\Walter\AppData\Local\Programs\Python\Python312\Lib\site-packages\urllib3\connectionpool.py:1103: InsecureRequestWarning: Unverified HTTPS request is being made to host 'serverest.dev'. Adding certificate verification is strongly advised. See: https://urllib3.readthedocs.io/en/latest/advanced-usage.html#tls-warnings
  warnings.warn(</msg>
<msg time="2024-05-06T08:10:02.517675" level="INFO">${alterar_perfil_usuario} = &lt;Response [200]&gt;</msg>
<var>${alterar_perfil_usuario}</var>
<arg>alias=APIServerRest</arg>
<arg>url=/usuarios/${ID_USUARIO}</arg>
<arg>expected_status=200</arg>
<arg>data={"nome":"Fulano da Silva", "email":"${EMAIL_TEST}", "password":"teste", "administrador":"false"}</arg>
<doc>Sends a PUT request on a previously created HTTP Session.</doc>
<status status="PASS" start="2024-05-06T08:10:02.345688" elapsed="0.171987"/>
</kw>
<status status="PASS" start="2024-05-06T08:10:02.344686" elapsed="0.173988"/>
</kw>
<kw name="Consultar os dados do usuário" owner="serverest_testes_recursos">
<kw name="GET On Session" owner="RequestsLibrary">
<msg time="2024-05-06T08:10:02.682687" level="INFO">GET Request : url=https://serverest.dev/usuarios/xn36qrfd5B3CAGQW 
 path_url=/usuarios/xn36qrfd5B3CAGQW 
 headers={'User-Agent': 'python-requests/2.31.0', 'Accept-Encoding': 'gzip, deflate', 'accept': 'application/json', 'Connection': 'keep-alive', 'Content-Type': 'application/json'} 
 body=None 
 </msg>
<msg time="2024-05-06T08:10:02.683687" level="INFO">GET Response : url=https://serverest.dev/usuarios/xn36qrfd5B3CAGQW 
 status=200, reason=OK 
 headers={'access-control-allow-origin': '*', 'x-dns-prefetch-control': 'off', 'x-frame-options': 'SAMEORIGIN', 'strict-transport-security': 'max-age=15552000; includeSubDomains', 'x-download-options': 'noopen', 'x-content-type-options': 'nosniff', 'x-xss-protection': '1; mode=block', 'content-type': 'application/json; charset=utf-8', 'X-Cloud-Trace-Context': '3ca1140564bc262d7bb875eeca604049', 'Date': 'Mon, 06 May 2024 11:10:48 GMT', 'Server': 'Google Frontend', 'Content-Length': '160'} 
 body={
    "nome": "Fulano da Silva",
    "email": "zopitnjy@qacoders.com.br",
    "password": "teste",
    "administrador": "false",
    "_id": "xn36qrfd5B3CAGQW"
} 
 </msg>
<msg time="2024-05-06T08:10:02.683687" level="INFO">C:\Users\Walter\AppData\Local\Programs\Python\Python312\Lib\site-packages\urllib3\connectionpool.py:1103: InsecureRequestWarning: Unverified HTTPS request is being made to host 'serverest.dev'. Adding certificate verification is strongly advised. See: https://urllib3.readthedocs.io/en/latest/advanced-usage.html#tls-warnings
  warnings.warn(</msg>
<msg time="2024-05-06T08:10:02.686681" level="INFO">${resposta_consulta} = &lt;Response [200]&gt;</msg>
<var>${resposta_consulta}</var>
<arg>alias=APIServerRest</arg>
<arg>url=/usuarios/${ID_USUARIO}</arg>
<arg>expected_status=200</arg>
<doc>Sends a GET request on a previously created HTTP Session.</doc>
<status status="PASS" start="2024-05-06T08:10:02.521687" elapsed="0.164994"/>
</kw>
<kw name="Set Test Variable" owner="BuiltIn">
<msg time="2024-05-06T08:10:02.691679" level="INFO">${RESPOSTA_CONSULTA} = {'nome': 'Fulano da Silva', 'email': 'zopitnjy@qacoders.com.br', 'password': 'teste', 'administrador': 'false', '_id': 'xn36qrfd5B3CAGQW'}</msg>
<arg>${RESPOSTA_CONSULTA}</arg>
<arg>${resposta_consulta.json()}</arg>
<doc>Makes a variable available everywhere within the scope of the current test.</doc>
<status status="PASS" start="2024-05-06T08:10:02.687680" elapsed="0.003999"/>
</kw>
<status status="PASS" start="2024-05-06T08:10:02.520673" elapsed="0.172008"/>
</kw>
<status status="PASS" start="2024-05-06T08:10:01.769676" elapsed="0.924005"/>
</test>
<status status="PASS" start="2024-05-06T08:10:01.746678" elapsed="0.953003"/>
</suite>
<status status="PASS" start="2024-05-06T08:09:59.782674" elapsed="2.924006"/>
</suite>
<statistics>
<total>
<stat pass="4" fail="0" skip="0">All Tests</stat>
</total>
<tag>
</tag>
<suite>
<stat pass="4" fail="0" skip="0" id="s1" name="Tests">Tests</stat>
<stat pass="1" fail="0" skip="0" id="s1-s1" name="Delete Serverest Test">Tests.Delete Serverest Test</stat>
<stat pass="1" fail="0" skip="0" id="s1-s2" name="Get Serverest Test">Tests.Get Serverest Test</stat>
<stat pass="1" fail="0" skip="0" id="s1-s3" name="Post Serverest Test">Tests.Post Serverest Test</stat>
<stat pass="1" fail="0" skip="0" id="s1-s4" name="Put Serverest Test">Tests.Put Serverest Test</stat>
</suite>
</statistics>
<errors>
</errors>
</robot>
